14:59:31,263 DEBUG SQL:127 - 
    
    create table Guide (
       id bigint not null auto_increment,
        name varchar(255),
        salary integer,
        staff_id varchar(255) not null,
        primary key (id)
    ) engine=InnoDB
14:59:31,379 DEBUG SQL:127 - 
    
    create table Student (
       id bigint not null auto_increment,
        enrollment_id varchar(255) not null,
        name varchar(255),
        guide_id bigint,
        primary key (id)
    ) engine=InnoDB
14:59:31,559 DEBUG SQL:127 - 
    
    alter table Student 
       add constraint FKb4ny3l3cnsxbbn601ev8mhlj5 
       foreign key (guide_id) 
       references Guide (id)
15:00:00,822 DEBUG SQL:127 - 
    insert 
    into
        Guide
        (name, salary, staff_id) 
    values
        (?, ?, ?)
15:00:00,825 TRACE BasicBinder:64 - binding parameter [1] as [VARCHAR] - [Mike Lawson]
15:00:00,826 TRACE BasicBinder:64 - binding parameter [2] as [INTEGER] - [1000]
15:00:00,827 TRACE BasicBinder:64 - binding parameter [3] as [VARCHAR] - [2000MO10789]
15:00:00,888 DEBUG SQL:127 - 
    insert 
    into
        Student
        (enrollment_id, guide_id, name) 
    values
        (?, ?, ?)
15:00:00,890 TRACE BasicBinder:64 - binding parameter [1] as [VARCHAR] - [2014AL50456]
15:00:00,893 TRACE BasicBinder:64 - binding parameter [2] as [BIGINT] - [1]
15:00:00,895 TRACE BasicBinder:64 - binding parameter [3] as [VARCHAR] - [Amy Gill]
15:00:00,901 DEBUG SQL:127 - 
    insert 
    into
        Student
        (enrollment_id, guide_id, name) 
    values
        (?, ?, ?)
15:00:00,904 TRACE BasicBinder:64 - binding parameter [1] as [VARCHAR] - [2014JT50123]
15:00:00,905 TRACE BasicBinder:64 - binding parameter [2] as [BIGINT] - [1]
15:00:00,906 TRACE BasicBinder:64 - binding parameter [3] as [VARCHAR] - [John Smith]
15:00:25,552 DEBUG SQL:127 - 
    insert 
    into
        Guide
        (name, salary, staff_id) 
    values
        (?, ?, ?)
15:00:25,603 TRACE BasicBinder:64 - binding parameter [1] as [VARCHAR] - [Ian Lamb]
15:00:25,605 TRACE BasicBinder:64 - binding parameter [2] as [INTEGER] - [2000]
15:00:25,606 TRACE BasicBinder:64 - binding parameter [3] as [VARCHAR] - [2000IM10901]
15:02:13,529 DEBUG SQL:127 - 
    
    alter table Student 
       add constraint FKb4ny3l3cnsxbbn601ev8mhlj5 
       foreign key (guide_id) 
       references Guide (id)
15:02:13,700 DEBUG SQL:127 - 
    insert 
    into
        Guide
        (name, salary, staff_id) 
    values
        (?, ?, ?)
15:02:13,705 TRACE BasicBinder:64 - binding parameter [1] as [VARCHAR] - [Mikzvze Lawson]
15:02:13,707 TRACE BasicBinder:64 - binding parameter [2] as [INTEGER] - [1000]
15:02:13,707 TRACE BasicBinder:64 - binding parameter [3] as [VARCHAR] - [2000MO10790]
15:02:13,743 DEBUG SQL:127 - 
    insert 
    into
        Student
        (enrollment_id, guide_id, name) 
    values
        (?, ?, ?)
15:02:13,744 TRACE BasicBinder:64 - binding parameter [1] as [VARCHAR] - [2014JT50124]
15:02:13,746 TRACE BasicBinder:64 - binding parameter [2] as [BIGINT] - [3]
15:02:13,746 TRACE BasicBinder:64 - binding parameter [3] as [VARCHAR] - [Joh54n Smith]
15:02:13,749 DEBUG SQL:127 - 
    insert 
    into
        Student
        (enrollment_id, guide_id, name) 
    values
        (?, ?, ?)
15:02:13,750 TRACE BasicBinder:64 - binding parameter [1] as [VARCHAR] - [2014AL50457]
15:02:13,751 TRACE BasicBinder:64 - binding parameter [2] as [BIGINT] - [3]
15:02:13,751 TRACE BasicBinder:64 - binding parameter [3] as [VARCHAR] - [Azzvzmy Gill]
15:02:13,762 DEBUG SQL:127 - 
    insert 
    into
        Guide
        (name, salary, staff_id) 
    values
        (?, ?, ?)
15:02:13,763 TRACE BasicBinder:64 - binding parameter [1] as [VARCHAR] - [Iazvzn Lamb]
15:02:13,763 TRACE BasicBinder:64 - binding parameter [2] as [INTEGER] - [2000]
15:02:13,765 TRACE BasicBinder:64 - binding parameter [3] as [VARCHAR] - [2000IM10902]
15:02:13,780 DEBUG SQL:127 - 
    select
        guide0_.id as id1_0_0_,
        guide0_.name as name2_0_0_,
        guide0_.salary as salary3_0_0_,
        guide0_.staff_id as staff_id4_0_0_ 
    from
        Guide guide0_ 
    where
        guide0_.id=?
15:02:13,781 TRACE BasicBinder:64 - binding parameter [1] as [BIGINT] - [2]
15:02:13,796 DEBUG SQL:127 - 
    select
        student0_.id as id1_1_0_,
        student0_.enrollment_id as enrollme2_1_0_,
        student0_.guide_id as guide_id4_1_0_,
        student0_.name as name3_1_0_,
        guide1_.id as id1_0_1_,
        guide1_.name as name2_0_1_,
        guide1_.salary as salary3_0_1_,
        guide1_.staff_id as staff_id4_0_1_ 
    from
        Student student0_ 
    left outer join
        Guide guide1_ 
            on student0_.guide_id=guide1_.id 
    where
        student0_.id=?
15:02:13,797 TRACE BasicBinder:64 - binding parameter [1] as [BIGINT] - [2]
15:02:13,804 DEBUG SQL:127 - 
    select
        students0_.guide_id as guide_id4_1_0_,
        students0_.id as id1_1_0_,
        students0_.id as id1_1_1_,
        students0_.enrollment_id as enrollme2_1_1_,
        students0_.guide_id as guide_id4_1_1_,
        students0_.name as name3_1_1_ 
    from
        Student students0_ 
    where
        students0_.guide_id=?
15:02:13,805 TRACE BasicBinder:64 - binding parameter [1] as [BIGINT] - [2]
15:03:54,394 DEBUG SQL:127 - 
    
    alter table Student 
       add constraint FKb4ny3l3cnsxbbn601ev8mhlj5 
       foreign key (guide_id) 
       references Guide (id)
15:03:54,570 DEBUG SQL:127 - 
    insert 
    into
        Guide
        (name, salary, staff_id) 
    values
        (?, ?, ?)
15:03:54,574 TRACE BasicBinder:64 - binding parameter [1] as [VARCHAR] - [Mikzvze Lawson]
15:03:54,576 TRACE BasicBinder:64 - binding parameter [2] as [INTEGER] - [1000]
15:03:54,576 TRACE BasicBinder:64 - binding parameter [3] as [VARCHAR] - [2000MO10790]
15:03:54,661 DEBUG SQL:127 - 
    insert 
    into
        Student
        (enrollment_id, guide_id, name) 
    values
        (?, ?, ?)
15:03:54,661 TRACE BasicBinder:64 - binding parameter [1] as [VARCHAR] - [2014JT50124]
15:03:54,662 TRACE BasicBinder:64 - binding parameter [2] as [BIGINT] - [5]
15:03:54,663 TRACE BasicBinder:64 - binding parameter [3] as [VARCHAR] - [Joh54n Smith]
15:03:54,665 DEBUG SQL:127 - 
    insert 
    into
        Student
        (enrollment_id, guide_id, name) 
    values
        (?, ?, ?)
15:03:54,666 TRACE BasicBinder:64 - binding parameter [1] as [VARCHAR] - [2014AL50457]
15:03:54,666 TRACE BasicBinder:64 - binding parameter [2] as [BIGINT] - [5]
15:03:54,666 TRACE BasicBinder:64 - binding parameter [3] as [VARCHAR] - [Azzvzmy Gill]
15:03:54,674 DEBUG SQL:127 - 
    insert 
    into
        Guide
        (name, salary, staff_id) 
    values
        (?, ?, ?)
15:03:54,674 TRACE BasicBinder:64 - binding parameter [1] as [VARCHAR] - [Iazvzn Lamb]
15:03:54,675 TRACE BasicBinder:64 - binding parameter [2] as [INTEGER] - [2000]
15:03:54,676 TRACE BasicBinder:64 - binding parameter [3] as [VARCHAR] - [2000IM10902]
15:03:54,687 DEBUG SQL:127 - 
    select
        guide0_.id as id1_0_0_,
        guide0_.name as name2_0_0_,
        guide0_.salary as salary3_0_0_,
        guide0_.staff_id as staff_id4_0_0_ 
    from
        Guide guide0_ 
    where
        guide0_.id=?
15:03:54,688 TRACE BasicBinder:64 - binding parameter [1] as [BIGINT] - [1]
15:03:54,711 DEBUG SQL:127 - 
    update
        Student 
    set
        enrollment_id=?,
        guide_id=?,
        name=? 
    where
        id=?
15:03:54,711 TRACE BasicBinder:64 - binding parameter [1] as [VARCHAR] - [2014AL50457]
15:03:54,711 TRACE BasicBinder:64 - binding parameter [2] as [BIGINT] - [1]
15:03:54,712 TRACE BasicBinder:64 - binding parameter [3] as [VARCHAR] - [Azzvzmy Gill]
15:03:54,712 TRACE BasicBinder:64 - binding parameter [4] as [BIGINT] - [6]
