18:32:36,719 DEBUG SQL:127 - 
    
    create table Customer (
       id bigint not null auto_increment,
        name varchar(255),
        passport_id bigint,
        primary key (id)
    ) type=MyISAM
18:32:36,765 DEBUG SQL:127 - 
    
    create table Passport (
       id bigint not null auto_increment,
        passport_number varchar(255),
        primary key (id)
    ) type=MyISAM
18:32:36,769 DEBUG SQL:127 - 
    
    alter table Customer 
       drop index UK_eqsqcfe0n0al6jf5ewnx392nl
18:32:36,772 DEBUG SQL:127 - 
    
    alter table Customer 
       add constraint UK_eqsqcfe0n0al6jf5ewnx392nl unique (passport_id)
18:32:36,776 DEBUG SQL:127 - 
    
    alter table Customer 
       add constraint FK55lqk21ofiw00596jpwlc0r07 
       foreign key (passport_id) 
       references Passport (id)
18:32:57,925 DEBUG SQL:127 - 
    insert 
    into
        Passport
        (passport_number) 
    values
        (?)
18:32:57,934 TRACE BasicBinder:64 - binding parameter [1] as [VARCHAR] - [925076473]
18:34:38,078 DEBUG SQL:127 - 
    
    create table Customer (
       id bigint not null auto_increment,
        name varchar(255),
        passport_id bigint,
        primary key (id)
    ) engine=InnoDB
18:34:38,324 DEBUG SQL:127 - 
    
    create table Passport (
       id bigint not null auto_increment,
        passport_number varchar(255),
        primary key (id)
    ) engine=InnoDB
18:34:38,404 DEBUG SQL:127 - 
    
    alter table Customer 
       drop index UK_eqsqcfe0n0al6jf5ewnx392nl
18:34:38,435 DEBUG SQL:127 - 
    
    alter table Customer 
       add constraint UK_eqsqcfe0n0al6jf5ewnx392nl unique (passport_id)
18:34:38,938 DEBUG SQL:127 - 
    
    alter table Customer 
       add constraint FK55lqk21ofiw00596jpwlc0r07 
       foreign key (passport_id) 
       references Passport (id)
18:34:41,929 DEBUG SQL:127 - 
    insert 
    into
        Passport
        (passport_number) 
    values
        (?)
18:34:41,935 TRACE BasicBinder:64 - binding parameter [1] as [VARCHAR] - [925076473]
18:34:41,979 DEBUG SQL:127 - 
    insert 
    into
        Customer
        (name, passport_id) 
    values
        (?, ?)
18:34:41,981 TRACE BasicBinder:64 - binding parameter [1] as [VARCHAR] - [Nicole Scott]
18:34:41,982 TRACE BasicBinder:64 - binding parameter [2] as [BIGINT] - [1]
18:35:52,777 DEBUG SQL:127 - 
    
    alter table Customer 
       add constraint FK55lqk21ofiw00596jpwlc0r07 
       foreign key (passport_id) 
       references Passport (id)
18:35:55,923 DEBUG SQL:127 - 
    insert 
    into
        Passport
        (passport_number) 
    values
        (?)
18:35:55,929 TRACE BasicBinder:64 - binding parameter [1] as [VARCHAR] - [925076473]
18:35:56,005 DEBUG SQL:127 - 
    insert 
    into
        Customer
        (name, passport_id) 
    values
        (?, ?)
18:35:56,005 TRACE BasicBinder:64 - binding parameter [1] as [VARCHAR] - [Nicole Scott]
18:35:56,006 TRACE BasicBinder:64 - binding parameter [2] as [BIGINT] - [2]
18:35:56,018 DEBUG SQL:127 - 
    select
        customer0_.id as id1_0_0_,
        customer0_.name as name2_0_0_,
        customer0_.passport_id as passport3_0_0_,
        passport1_.id as id1_1_1_,
        passport1_.passport_number as passport2_1_1_ 
    from
        Customer customer0_ 
    left outer join
        Passport passport1_ 
            on customer0_.passport_id=passport1_.id 
    where
        customer0_.id=?
18:35:56,019 TRACE BasicBinder:64 - binding parameter [1] as [BIGINT] - [1]
18:36:21,951 DEBUG SQL:127 - 
    
    alter table Customer 
       add constraint FK55lqk21ofiw00596jpwlc0r07 
       foreign key (passport_id) 
       references Passport (id)
18:36:22,106 DEBUG SQL:127 - 
    insert 
    into
        Passport
        (passport_number) 
    values
        (?)
18:36:22,111 TRACE BasicBinder:64 - binding parameter [1] as [VARCHAR] - [925076473]
18:36:22,146 DEBUG SQL:127 - 
    insert 
    into
        Customer
        (name, passport_id) 
    values
        (?, ?)
18:36:22,147 TRACE BasicBinder:64 - binding parameter [1] as [VARCHAR] - [Nicole Scott]
18:36:22,148 TRACE BasicBinder:64 - binding parameter [2] as [BIGINT] - [3]
18:36:22,156 DEBUG SQL:127 - 
    insert 
    into
        Passport
        (passport_number) 
    values
        (?)
18:36:22,157 TRACE BasicBinder:64 - binding parameter [1] as [VARCHAR] - [9250764455]
18:36:22,173 DEBUG SQL:127 - 
    update
        Customer 
    set
        name=?,
        passport_id=? 
    where
        id=?
18:36:22,174 TRACE BasicBinder:64 - binding parameter [1] as [VARCHAR] - [Nicole Scott]
18:36:22,174 TRACE BasicBinder:64 - binding parameter [2] as [BIGINT] - [4]
18:36:22,174 TRACE BasicBinder:64 - binding parameter [3] as [BIGINT] - [3]
18:38:14,494 DEBUG SQL:127 - 
    
    alter table Customer 
       add constraint FK55lqk21ofiw00596jpwlc0r07 
       foreign key (passport_id) 
       references Passport (id)
18:38:14,665 DEBUG SQL:127 - 
    insert 
    into
        Passport
        (passport_number) 
    values
        (?)
18:38:14,671 TRACE BasicBinder:64 - binding parameter [1] as [VARCHAR] - [925076473]
18:38:14,766 DEBUG SQL:127 - 
    insert 
    into
        Customer
        (name, passport_id) 
    values
        (?, ?)
18:38:14,817 TRACE BasicBinder:64 - binding parameter [1] as [VARCHAR] - [Nicolas Scott]
18:38:14,819 TRACE BasicBinder:64 - binding parameter [2] as [BIGINT] - [5]
18:39:00,347 DEBUG SQL:127 - 
    
    create table Customer (
       id bigint not null auto_increment,
        name varchar(255),
        passport_id bigint,
        primary key (id)
    ) engine=InnoDB
18:39:00,500 DEBUG SQL:127 - 
    
    create table Passport (
       id bigint not null auto_increment,
        passport_number varchar(255),
        primary key (id)
    ) engine=InnoDB
18:39:00,536 DEBUG SQL:127 - 
    
    alter table Customer 
       drop index UK_eqsqcfe0n0al6jf5ewnx392nl
18:39:00,558 DEBUG SQL:127 - 
    
    alter table Customer 
       add constraint UK_eqsqcfe0n0al6jf5ewnx392nl unique (passport_id)
18:39:00,631 DEBUG SQL:127 - 
    
    alter table Customer 
       add constraint FK55lqk21ofiw00596jpwlc0r07 
       foreign key (passport_id) 
       references Passport (id)
18:39:00,770 DEBUG SQL:127 - 
    insert 
    into
        Passport
        (passport_number) 
    values
        (?)
18:39:00,773 TRACE BasicBinder:64 - binding parameter [1] as [VARCHAR] - [925076473]
18:39:00,802 DEBUG SQL:127 - 
    insert 
    into
        Customer
        (name, passport_id) 
    values
        (?, ?)
18:39:00,803 TRACE BasicBinder:64 - binding parameter [1] as [VARCHAR] - [Nicolas Scott]
18:39:00,804 TRACE BasicBinder:64 - binding parameter [2] as [BIGINT] - [1]
18:40:40,502 DEBUG SQL:127 - 
    
    create table Customer (
       id bigint not null auto_increment,
        name varchar(255),
        passport_id bigint,
        primary key (id)
    ) engine=InnoDB
18:40:40,789 DEBUG SQL:127 - 
    
    create table Passport (
       id bigint not null auto_increment,
        passport_number varchar(255),
        primary key (id)
    ) engine=InnoDB
18:40:40,863 DEBUG SQL:127 - 
    
    alter table Customer 
       drop index UK_eqsqcfe0n0al6jf5ewnx392nl
18:40:40,953 DEBUG SQL:127 - 
    
    alter table Customer 
       add constraint UK_eqsqcfe0n0al6jf5ewnx392nl unique (passport_id)
18:40:41,183 DEBUG SQL:127 - 
    
    alter table Customer 
       add constraint FK55lqk21ofiw00596jpwlc0r07 
       foreign key (passport_id) 
       references Passport (id)
18:40:41,299 DEBUG SQL:127 - 
    insert 
    into
        Passport
        (passport_number) 
    values
        (?)
18:40:41,301 TRACE BasicBinder:64 - binding parameter [1] as [VARCHAR] - [925076473]
18:40:41,310 DEBUG SQL:127 - 
    insert 
    into
        Customer
        (name, passport_id) 
    values
        (?, ?)
18:40:41,311 TRACE BasicBinder:64 - binding parameter [1] as [VARCHAR] - [Nicolas Scott]
18:40:41,311 TRACE BasicBinder:64 - binding parameter [2] as [BIGINT] - [1]
18:40:41,313 DEBUG SQL:127 - 
    insert 
    into
        Customer
        (name, passport_id) 
    values
        (?, ?)
18:40:41,314 TRACE BasicBinder:64 - binding parameter [1] as [VARCHAR] - [Nicolas Scott]
18:40:41,314 TRACE BasicBinder:64 - binding parameter [2] as [BIGINT] - [1]
